file name: C:\aaa\cs\cs.txt
file name: C:\inetpub\custerr\en-US\404.htm
file name: C:\ItemTemplates\VisualBasic\Data\DevartEFModel.zip
file name: C:\SulpHur\SulpHurService\Mita.Foundation.dll
file name: C:\SulpHurClienttest\bin\Mita.Foundation.dll
file name: C:\Users\v-xiqian\.nuget\packages\buildreq\2.1.12\init.cmd
file name: C:\Windows.old\inetpub\custerr\en-US\404.htm
C:\aaa
C:\inetpub
C:\ItemTemplates
C:\SulpHur
C:\SulpHurClienttest
C:\Users
C:\Windows.old
file name: C:\aaa\cs\cs.txt
file name: C:\inetpub\custerr\en-US\404.htm
file name: C:\inetpub\custerr\zh-CN\404.htm
file name: C:\ItemTemplates\VisualBasic\Data\DevartEFModel.zip
file name: C:\SulpHur\SulpHurService\Mita.Foundation.dll
file name: C:\SulpHurClienttest\bin\Mita.Foundation.dll
file name: C:\Users\v-xiqian\.nuget\packages\buildreq\2.1.12\init.cmd
file name: C:\Users\v-xiqian\.nuget\packages\chocolatey\0.10.11\tools\init.ps1
file name: C:\Users\v-xiqian\.nuget\packages\entityframework\6.2.0\tools\EntityFramework.PowerShell.dll
file name: C:\Users\v-xiqian\.nuget\packages\microsoft.visualstudio.sdk.embedinteroptypes\15.0.27\microsoft.visualstudio.sdk.embedinteroptypes.15.0.27.nupkg
file name: C:\Users\v-xiqian\.nuget\packages\microsoft.visualstudio.shell.15.0\16.0.28729\microsoft.visualstudio.shell.15.0.16.0.28729.nupkg
file name: C:\Users\v-xiqian\.nuget\packages\microsoft.visualstudio.shell.framework\16.0.28729\microsoft.visualstudio.shell.framework.16.0.28729.nupkg
file name: C:\Users\v-xiqian\.nuget\packages\microsoft.visualstudio.shell.interop\7.10.6072\microsoft.visualstudio.shell.interop.7.10.6072.nupkg
file name: C:\Users\v-xiqian\.nuget\packages\microsoft.visualstudio.shell.interop.10.0\10.0.30320\microsoft.visualstudio.shell.interop.10.0.10.0.30320.nupkg
file name: C:\Users\v-xiqian\.nuget\packages\microsoft.visualstudio.shell.interop.11.0\11.0.61031\microsoft.visualstudio.shell.interop.11.0.11.0.61031.nupkg
file name: C:\Users\v-xiqian\.nuget\packages\microsoft.visualstudio.shell.interop.12.0\12.0.30111\microsoft.visualstudio.shell.interop.12.0.12.0.30111.nupkg
file name: C:\Users\v-xiqian\.nuget\packages\microsoft.visualstudio.shell.interop.14.0.designtime\14.3.26929\microsoft.visualstudio.shell.interop.14.0.designtime.14.3.26929.nupkg
file name: C:\Users\v-xiqian\.nuget\packages\microsoft.visualstudio.shell.interop.15.3.designtime\15.0.26929\microsoft.visualstudio.shell.interop.15.3.designtime.15.0.26929.nupkg
file name: C:\Users\v-xiqian\.nuget\packages\microsoft.visualstudio.shell.interop.15.6.designtime\15.6.27413\microsoft.visualstudio.shell.interop.15.6.designtime.15.6.27413.nupkg
file name: C:\Users\v-xiqian\.nuget\packages\microsoft.visualstudio.shell.interop.8.0\8.0.50728\microsoft.visualstudio.shell.interop.8.0.8.0.50728.nupkg
file name: C:\Users\v-xiqian\.nuget\packages\microsoft.visualstudio.shell.interop.9.0\9.0.30730\microsoft.visualstudio.shell.interop.9.0.9.0.30730.nupkg
file name: C:\Users\v-xiqian\.nuget\packages\microsoft.visualstudio.threading\16.0.102\lib\net45\cs\Microsoft.VisualStudio.Threading.resources.dll
file name: C:\Users\v-xiqian\.nuget\packages\microsoft.visualstudio.threading\16.0.102\lib\net45\de\Microsoft.VisualStudio.Threading.resources.dll
file name: C:\Users\v-xiqian\.nuget\packages\microsoft.visualstudio.threading\16.0.102\lib\net45\es\Microsoft.VisualStudio.Threading.resources.dll
file name: C:\Users\v-xiqian\.nuget\packages\microsoft.visualstudio.threading\16.0.102\lib\net45\fr\Microsoft.VisualStudio.Threading.resources.dll
file name: C:\Users\v-xiqian\.nuget\packages\microsoft.visualstudio.threading\16.0.102\lib\net45\it\Microsoft.VisualStudio.Threading.resources.dll
file name: C:\Users\v-xiqian\.nuget\packages\microsoft.visualstudio.threading\16.0.102\lib\net45\ja\Microsoft.VisualStudio.Threading.resources.dll
file name: C:\Users\v-xiqian\.nuget\packages\microsoft.visualstudio.threading\16.0.102\lib\net45\ko\Microsoft.VisualStudio.Threading.resources.dll
file name: C:\Users\v-xiqian\.nuget\packages\microsoft.visualstudio.threading\16.0.102\lib\net45\pl\Microsoft.VisualStudio.Threading.resources.dll
file name: C:\Users\v-xiqian\.nuget\packages\microsoft.visualstudio.threading\16.0.102\lib\net45\pt-BR\Microsoft.VisualStudio.Threading.resources.dll
file name: C:\Users\v-xiqian\.nuget\packages\microsoft.visualstudio.threading\16.0.102\lib\net45\ru\Microsoft.VisualStudio.Threading.resources.dll
file name: C:\Users\v-xiqian\.nuget\packages\microsoft.visualstudio.threading\16.0.102\lib\net45\tr\Microsoft.VisualStudio.Threading.resources.dll
file name: C:\Users\v-xiqian\.nuget\packages\microsoft.visualstudio.threading\16.0.102\lib\net45\zh-Hans\Microsoft.VisualStudio.Threading.resources.dll
file name: C:\Users\v-xiqian\.nuget\packages\microsoft.visualstudio.threading\16.0.102\lib\net45\zh-Hant\Microsoft.VisualStudio.Threading.resources.dll
file name: C:\Users\v-xiqian\.nuget\packages\microsoft.visualstudio.threading\16.0.102\lib\net46\cs\Microsoft.VisualStudio.Threading.resources.dll
file name: C:\Users\v-xiqian\.nuget\packages\microsoft.visualstudio.threading\16.0.102\lib\net46\de\Microsoft.VisualStudio.Threading.resources.dll
file name: C:\Users\v-xiqian\.nuget\packages\microsoft.visualstudio.threading\16.0.102\lib\net46\es\Microsoft.VisualStudio.Threading.resources.dll
file name: C:\Users\v-xiqian\.nuget\packages\microsoft.visualstudio.threading\16.0.102\lib\net46\fr\Microsoft.VisualStudio.Threading.resources.dll
file name: C:\Users\v-xiqian\.nuget\packages\microsoft.visualstudio.threading\16.0.102\lib\net46\it\Microsoft.VisualStudio.Threading.resources.dll
file name: C:\Users\v-xiqian\.nuget\packages\microsoft.visualstudio.threading\16.0.102\lib\net46\ja\Microsoft.VisualStudio.Threading.resources.dll
file name: C:\Users\v-xiqian\.nuget\packages\microsoft.visualstudio.threading\16.0.102\lib\net46\ko\Microsoft.VisualStudio.Threading.resources.dll
file name: C:\Users\v-xiqian\.nuget\packages\microsoft.visualstudio.threading\16.0.102\lib\net46\pl\Microsoft.VisualStudio.Threading.resources.dll
file name: C:\Users\v-xiqian\.nuget\packages\microsoft.visualstudio.threading\16.0.102\lib\net46\pt-BR\Microsoft.VisualStudio.Threading.resources.dll
file name: C:\Users\v-xiqian\.nuget\packages\microsoft.visualstudio.threading\16.0.102\lib\net46\ru\Microsoft.VisualStudio.Threading.resources.dll
file name: C:\Users\v-xiqian\.nuget\packages\microsoft.visualstudio.threading\16.0.102\lib\net46\tr\Microsoft.VisualStudio.Threading.resources.dll
file name: C:\Users\v-xiqian\.nuget\packages\microsoft.visualstudio.threading\16.0.102\lib\net46\zh-Hans\Microsoft.VisualStudio.Threading.resources.dll
file name: C:\Users\v-xiqian\.nuget\packages\microsoft.visualstudio.threading\16.0.102\lib\net46\zh-Hant\Microsoft.VisualStudio.Threading.resources.dll
file name: C:\Users\v-xiqian\.nuget\packages\microsoft.visualstudio.threading\16.0.102\lib\netstandard1.3\cs\Microsoft.VisualStudio.Threading.resources.dll
file name: C:\Users\v-xiqian\.nuget\packages\microsoft.visualstudio.threading\16.0.102\lib\netstandard1.3\de\Microsoft.VisualStudio.Threading.resources.dll
file name: C:\Users\v-xiqian\.nuget\packages\microsoft.visualstudio.threading\16.0.102\lib\netstandard1.3\es\Microsoft.VisualStudio.Threading.resources.dll
file name: C:\Users\v-xiqian\.nuget\packages\microsoft.visualstudio.threading\16.0.102\lib\netstandard1.3\fr\Microsoft.VisualStudio.Threading.resources.dll
file name: C:\Users\v-xiqian\.nuget\packages\microsoft.visualstudio.threading\16.0.102\lib\netstandard1.3\it\Microsoft.VisualStudio.Threading.resources.dll
file name: C:\Users\v-xiqian\.nuget\packages\microsoft.visualstudio.threading\16.0.102\lib\netstandard1.3\ja\Microsoft.VisualStudio.Threading.resources.dll
file name: C:\Users\v-xiqian\.nuget\packages\microsoft.visualstudio.threading\16.0.102\lib\netstandard1.3\ko\Microsoft.VisualStudio.Threading.resources.dll
file name: C:\Users\v-xiqian\.nuget\packages\microsoft.visualstudio.threading\16.0.102\lib\netstandard1.3\pl\Microsoft.VisualStudio.Threading.resources.dll
file name: C:\Users\v-xiqian\.nuget\packages\microsoft.visualstudio.threading\16.0.102\lib\netstandard1.3\pt-BR\Microsoft.VisualStudio.Threading.resources.dll
file name: C:\Users\v-xiqian\.nuget\packages\microsoft.visualstudio.threading\16.0.102\lib\netstandard1.3\ru\Microsoft.VisualStudio.Threading.resources.dll
file name: C:\Users\v-xiqian\.nuget\packages\microsoft.visualstudio.threading\16.0.102\lib\netstandard1.3\tr\Microsoft.VisualStudio.Threading.resources.dll
file name: C:\Users\v-xiqian\.nuget\packages\microsoft.visualstudio.threading\16.0.102\lib\netstandard1.3\zh-Hans\Microsoft.VisualStudio.Threading.resources.dll
file name: C:\Users\v-xiqian\.nuget\packages\microsoft.visualstudio.threading\16.0.102\lib\netstandard1.3\zh-Hant\Microsoft.VisualStudio.Threading.resources.dll
file name: C:\Users\v-xiqian\.nuget\packages\microsoft.visualstudio.threading\16.0.102\lib\netstandard2.0\cs\Microsoft.VisualStudio.Threading.resources.dll
file name: C:\Users\v-xiqian\.nuget\packages\microsoft.visualstudio.threading\16.0.102\lib\netstandard2.0\de\Microsoft.VisualStudio.Threading.resources.dll
file name: C:\Users\v-xiqian\.nuget\packages\microsoft.visualstudio.threading\16.0.102\lib\netstandard2.0\es\Microsoft.VisualStudio.Threading.resources.dll
file name: C:\Users\v-xiqian\.nuget\packages\microsoft.visualstudio.threading\16.0.102\lib\netstandard2.0\fr\Microsoft.VisualStudio.Threading.resources.dll
file name: C:\Users\v-xiqian\.nuget\packages\microsoft.visualstudio.threading\16.0.102\lib\netstandard2.0\it\Microsoft.VisualStudio.Threading.resources.dll
file name: C:\Users\v-xiqian\.nuget\packages\microsoft.visualstudio.threading\16.0.102\lib\netstandard2.0\ja\Microsoft.VisualStudio.Threading.resources.dll
file name: C:\Users\v-xiqian\.nuget\packages\microsoft.visualstudio.threading\16.0.102\lib\netstandard2.0\ko\Microsoft.VisualStudio.Threading.resources.dll
file name: C:\Users\v-xiqian\.nuget\packages\microsoft.visualstudio.threading\16.0.102\lib\netstandard2.0\pl\Microsoft.VisualStudio.Threading.resources.dll
file name: C:\Users\v-xiqian\.nuget\packages\microsoft.visualstudio.threading\16.0.102\lib\netstandard2.0\pt-BR\Microsoft.VisualStudio.Threading.resources.dll
file name: C:\Users\v-xiqian\.nuget\packages\microsoft.visualstudio.threading\16.0.102\lib\netstandard2.0\ru\Microsoft.VisualStudio.Threading.resources.dll
file name: C:\Users\v-xiqian\.nuget\packages\microsoft.visualstudio.threading\16.0.102\lib\netstandard2.0\tr\Microsoft.VisualStudio.Threading.resources.dll
file name: C:\Users\v-xiqian\.nuget\packages\microsoft.visualstudio.threading\16.0.102\lib\netstandard2.0\zh-Hans\Microsoft.VisualStudio.Threading.resources.dll
file name: C:\Users\v-xiqian\.nuget\packages\microsoft.visualstudio.threading\16.0.102\lib\netstandard2.0\zh-Hant\Microsoft.VisualStudio.Threading.resources.dll
file name: C:\Users\v-xiqian\.nuget\packages\microsoft.visualstudio.utilities\16.0.28729\microsoft.visualstudio.utilities.16.0.28729.nupkg
file name: C:\Users\v-xiqian\.nuget\packages\microsoft.visualstudio.validation\15.3.15\lib\net45\cs\Microsoft.VisualStudio.Validation.resources.dll
file name: C:\Users\v-xiqian\.nuget\packages\microsoft.visualstudio.validation\15.3.15\lib\net45\de\Microsoft.VisualStudio.Validation.resources.dll
file name: C:\Users\v-xiqian\.nuget\packages\microsoft.visualstudio.validation\15.3.15\lib\net45\es\Microsoft.VisualStudio.Validation.resources.dll
file name: C:\Users\v-xiqian\.nuget\packages\microsoft.visualstudio.validation\15.3.15\lib\net45\fr\Microsoft.VisualStudio.Validation.resources.dll
file name: C:\Users\v-xiqian\.nuget\packages\microsoft.visualstudio.validation\15.3.15\lib\net45\it\Microsoft.VisualStudio.Validation.resources.dll
file name: C:\Users\v-xiqian\.nuget\packages\microsoft.visualstudio.validation\15.3.15\lib\net45\ja\Microsoft.VisualStudio.Validation.resources.dll
file name: C:\Users\v-xiqian\.nuget\packages\microsoft.visualstudio.validation\15.3.15\lib\net45\ko\Microsoft.VisualStudio.Validation.resources.dll
file name: C:\Users\v-xiqian\.nuget\packages\microsoft.visualstudio.validation\15.3.15\lib\net45\pl\Microsoft.VisualStudio.Validation.resources.dll
file name: C:\Users\v-xiqian\.nuget\packages\microsoft.visualstudio.validation\15.3.15\lib\net45\pt-BR\Microsoft.VisualStudio.Validation.resources.dll
file name: C:\Users\v-xiqian\.nuget\packages\microsoft.visualstudio.validation\15.3.15\lib\net45\ru\Microsoft.VisualStudio.Validation.resources.dll
file name: C:\Users\v-xiqian\.nuget\packages\microsoft.visualstudio.validation\15.3.15\lib\net45\tr\Microsoft.VisualStudio.Validation.resources.dll
file name: C:\Users\v-xiqian\.nuget\packages\microsoft.visualstudio.validation\15.3.15\lib\net45\zh-Hans\Microsoft.VisualStudio.Validation.resources.dll
file name: C:\Users\v-xiqian\.nuget\packages\microsoft.visualstudio.validation\15.3.15\lib\net45\zh-Hant\Microsoft.VisualStudio.Validation.resources.dll
file name: C:\Users\v-xiqian\.nuget\packages\microsoft.visualstudio.validation\15.3.15\lib\netstandard1.0\cs\Microsoft.VisualStudio.Validation.resources.dll
file name: C:\Users\v-xiqian\.nuget\packages\microsoft.visualstudio.validation\15.3.15\lib\netstandard1.0\de\Microsoft.VisualStudio.Validation.resources.dll
file name: C:\Users\v-xiqian\.nuget\packages\microsoft.visualstudio.validation\15.3.15\lib\netstandard1.0\es\Microsoft.VisualStudio.Validation.resources.dll
file name: C:\Users\v-xiqian\.nuget\packages\microsoft.visualstudio.validation\15.3.15\lib\netstandard1.0\fr\Microsoft.VisualStudio.Validation.resources.dll
file name: C:\Users\v-xiqian\.nuget\packages\microsoft.visualstudio.validation\15.3.15\lib\netstandard1.0\it\Microsoft.VisualStudio.Validation.resources.dll
file name: C:\Users\v-xiqian\.nuget\packages\microsoft.visualstudio.validation\15.3.15\lib\netstandard1.0\ja\Microsoft.VisualStudio.Validation.resources.dll
file name: C:\Users\v-xiqian\.nuget\packages\microsoft.visualstudio.validation\15.3.15\lib\netstandard1.0\ko\Microsoft.VisualStudio.Validation.resources.dll
file name: C:\Users\v-xiqian\.nuget\packages\microsoft.visualstudio.validation\15.3.15\lib\netstandard1.0\pl\Microsoft.VisualStudio.Validation.resources.dll
file name: C:\Users\v-xiqian\.nuget\packages\microsoft.visualstudio.validation\15.3.15\lib\netstandard1.0\pt-BR\Microsoft.VisualStudio.Validation.resources.dll
file name: C:\Users\v-xiqian\.nuget\packages\microsoft.visualstudio.validation\15.3.15\lib\netstandard1.0\ru\Microsoft.VisualStudio.Validation.resources.dll
file name: C:\Users\v-xiqian\.nuget\packages\microsoft.visualstudio.validation\15.3.15\lib\netstandard1.0\tr\Microsoft.VisualStudio.Validation.resources.dll
file name: C:\Users\v-xiqian\.nuget\packages\microsoft.visualstudio.validation\15.3.15\lib\netstandard1.0\zh-Hans\Microsoft.VisualStudio.Validation.resources.dll
file name: C:\Users\v-xiqian\.nuget\packages\microsoft.visualstudio.validation\15.3.15\lib\netstandard1.0\zh-Hant\Microsoft.VisualStudio.Validation.resources.dll
file name: C:\Users\v-xiqian\.nuget\packages\microsoft.visualstudio.validation\15.3.15\lib\portable-net45+win8+wp8+wpa81\cs\Microsoft.VisualStudio.Validation.resources.dll
file name: C:\Users\v-xiqian\.nuget\packages\microsoft.visualstudio.validation\15.3.15\lib\portable-net45+win8+wp8+wpa81\de\Microsoft.VisualStudio.Validation.resources.dll
file name: C:\Users\v-xiqian\.nuget\packages\microsoft.visualstudio.validation\15.3.15\lib\portable-net45+win8+wp8+wpa81\es\Microsoft.VisualStudio.Validation.resources.dll
file name: C:\Users\v-xiqian\.nuget\packages\microsoft.visualstudio.validation\15.3.15\lib\portable-net45+win8+wp8+wpa81\fr\Microsoft.VisualStudio.Validation.resources.dll
file name: C:\Users\v-xiqian\.nuget\packages\microsoft.visualstudio.validation\15.3.15\lib\portable-net45+win8+wp8+wpa81\it\Microsoft.VisualStudio.Validation.resources.dll
file name: C:\Users\v-xiqian\.nuget\packages\microsoft.visualstudio.validation\15.3.15\lib\portable-net45+win8+wp8+wpa81\ja\Microsoft.VisualStudio.Validation.resources.dll
file name: C:\Users\v-xiqian\.nuget\packages\microsoft.visualstudio.validation\15.3.15\lib\portable-net45+win8+wp8+wpa81\ko\Microsoft.VisualStudio.Validation.resources.dll
file name: C:\Users\v-xiqian\.nuget\packages\microsoft.visualstudio.validation\15.3.15\lib\portable-net45+win8+wp8+wpa81\pl\Microsoft.VisualStudio.Validation.resources.dll
file name: C:\Users\v-xiqian\.nuget\packages\microsoft.visualstudio.validation\15.3.15\lib\portable-net45+win8+wp8+wpa81\pt-BR\Microsoft.VisualStudio.Validation.resources.dll
file name: C:\Users\v-xiqian\.nuget\packages\microsoft.visualstudio.validation\15.3.15\lib\portable-net45+win8+wp8+wpa81\ru\Microsoft.VisualStudio.Validation.resources.dll
file name: C:\Users\v-xiqian\.nuget\packages\microsoft.visualstudio.validation\15.3.15\lib\portable-net45+win8+wp8+wpa81\tr\Microsoft.VisualStudio.Validation.resources.dll
file name: C:\Users\v-xiqian\.nuget\packages\microsoft.visualstudio.validation\15.3.15\lib\portable-net45+win8+wp8+wpa81\zh-Hans\Microsoft.VisualStudio.Validation.resources.dll
file name: C:\Users\v-xiqian\.nuget\packages\microsoft.visualstudio.validation\15.3.15\lib\portable-net45+win8+wp8+wpa81\zh-Hant\Microsoft.VisualStudio.Validation.resources.dll
file name: C:\Users\v-xiqian\.nuget\packages\repo\0.8.32\doc\init.md
file name: C:\Users\v-xiqian\.nuget\packages\repo\0.8.32\tools\Microsoft.AI.ServerTelemetryChannel.dll
file name: C:\Users\v-xiqian\.nuget\packages\streamjsonrpc\1.5.43\lib\net45\cs\StreamJsonRpc.resources.dll
file name: C:\Users\v-xiqian\.nuget\packages\streamjsonrpc\1.5.43\lib\net45\de\StreamJsonRpc.resources.dll
file name: C:\Users\v-xiqian\.nuget\packages\streamjsonrpc\1.5.43\lib\net45\es\StreamJsonRpc.resources.dll
file name: C:\Users\v-xiqian\.nuget\packages\streamjsonrpc\1.5.43\lib\net45\fr\StreamJsonRpc.resources.dll
file name: C:\Users\v-xiqian\.nuget\packages\streamjsonrpc\1.5.43\lib\net45\it\StreamJsonRpc.resources.dll
file name: C:\Users\v-xiqian\.nuget\packages\streamjsonrpc\1.5.43\lib\net45\ja\StreamJsonRpc.resources.dll
file name: C:\Users\v-xiqian\.nuget\packages\streamjsonrpc\1.5.43\lib\net45\ko\StreamJsonRpc.resources.dll
file name: C:\Users\v-xiqian\.nuget\packages\streamjsonrpc\1.5.43\lib\net45\pl\StreamJsonRpc.resources.dll
file name: C:\Users\v-xiqian\.nuget\packages\streamjsonrpc\1.5.43\lib\net45\pt-BR\StreamJsonRpc.resources.dll
file name: C:\Users\v-xiqian\.nuget\packages\streamjsonrpc\1.5.43\lib\net45\ru\StreamJsonRpc.resources.dll
file name: C:\Users\v-xiqian\.nuget\packages\streamjsonrpc\1.5.43\lib\net45\tr\StreamJsonRpc.resources.dll
file name: C:\Users\v-xiqian\.nuget\packages\streamjsonrpc\1.5.43\lib\net45\zh-Hans\StreamJsonRpc.resources.dll
file name: C:\Users\v-xiqian\.nuget\packages\streamjsonrpc\1.5.43\lib\net45\zh-Hant\StreamJsonRpc.resources.dll
file name: C:\Users\v-xiqian\.nuget\packages\streamjsonrpc\1.5.43\lib\net46\cs\StreamJsonRpc.resources.dll
file name: C:\Users\v-xiqian\.nuget\packages\streamjsonrpc\1.5.43\lib\net46\de\StreamJsonRpc.resources.dll
file name: C:\Users\v-xiqian\.nuget\packages\streamjsonrpc\1.5.43\lib\net46\es\StreamJsonRpc.resources.dll
file name: C:\Users\v-xiqian\.nuget\packages\streamjsonrpc\1.5.43\lib\net46\fr\StreamJsonRpc.resources.dll
file name: C:\Users\v-xiqian\.nuget\packages\streamjsonrpc\1.5.43\lib\net46\it\StreamJsonRpc.resources.dll
file name: C:\Users\v-xiqian\.nuget\packages\streamjsonrpc\1.5.43\lib\net46\ja\StreamJsonRpc.resources.dll
file name: C:\Users\v-xiqian\.nuget\packages\streamjsonrpc\1.5.43\lib\net46\ko\StreamJsonRpc.resources.dll
file name: C:\Users\v-xiqian\.nuget\packages\streamjsonrpc\1.5.43\lib\net46\pl\StreamJsonRpc.resources.dll
file name: C:\Users\v-xiqian\.nuget\packages\streamjsonrpc\1.5.43\lib\net46\pt-BR\StreamJsonRpc.resources.dll
file name: C:\Users\v-xiqian\.nuget\packages\streamjsonrpc\1.5.43\lib\net46\ru\StreamJsonRpc.resources.dll
file name: C:\Users\v-xiqian\.nuget\packages\streamjsonrpc\1.5.43\lib\net46\tr\StreamJsonRpc.resources.dll
file name: C:\Users\v-xiqian\.nuget\packages\streamjsonrpc\1.5.43\lib\net46\zh-Hans\StreamJsonRpc.resources.dll
file name: C:\Users\v-xiqian\.nuget\packages\streamjsonrpc\1.5.43\lib\net46\zh-Hant\StreamJsonRpc.resources.dll
file name: C:\Users\v-xiqian\.nuget\packages\streamjsonrpc\1.5.43\lib\netstandard1.1\cs\StreamJsonRpc.resources.dll
file name: C:\Users\v-xiqian\.nuget\packages\streamjsonrpc\1.5.43\lib\netstandard1.1\de\StreamJsonRpc.resources.dll
file name: C:\Users\v-xiqian\.nuget\packages\streamjsonrpc\1.5.43\lib\netstandard1.1\es\StreamJsonRpc.resources.dll
file name: C:\Users\v-xiqian\.nuget\packages\streamjsonrpc\1.5.43\lib\netstandard1.1\fr\StreamJsonRpc.resources.dll
file name: C:\Users\v-xiqian\.nuget\packages\streamjsonrpc\1.5.43\lib\netstandard1.1\it\StreamJsonRpc.resources.dll
file name: C:\Users\v-xiqian\.nuget\packages\streamjsonrpc\1.5.43\lib\netstandard1.1\ja\StreamJsonRpc.resources.dll
file name: C:\Users\v-xiqian\.nuget\packages\streamjsonrpc\1.5.43\lib\netstandard1.1\ko\StreamJsonRpc.resources.dll
file name: C:\Users\v-xiqian\.nuget\packages\streamjsonrpc\1.5.43\lib\netstandard1.1\pl\StreamJsonRpc.resources.dll
file name: C:\Users\v-xiqian\.nuget\packages\streamjsonrpc\1.5.43\lib\netstandard1.1\pt-BR\StreamJsonRpc.resources.dll
file name: C:\Users\v-xiqian\.nuget\packages\streamjsonrpc\1.5.43\lib\netstandard1.1\ru\StreamJsonRpc.resources.dll
file name: C:\Users\v-xiqian\.nuget\packages\streamjsonrpc\1.5.43\lib\netstandard1.1\tr\StreamJsonRpc.resources.dll
file name: C:\Users\v-xiqian\.nuget\packages\streamjsonrpc\1.5.43\lib\netstandard1.1\zh-Hans\StreamJsonRpc.resources.dll
file name: C:\Users\v-xiqian\.nuget\packages\streamjsonrpc\1.5.43\lib\netstandard1.1\zh-Hant\StreamJsonRpc.resources.dll
file name: C:\Users\v-xiqian\.nuget\packages\streamjsonrpc\1.5.43\lib\netstandard1.3\cs\StreamJsonRpc.resources.dll
file name: C:\Users\v-xiqian\.nuget\packages\streamjsonrpc\1.5.43\lib\netstandard1.3\de\StreamJsonRpc.resources.dll
file name: C:\Users\v-xiqian\.nuget\packages\streamjsonrpc\1.5.43\lib\netstandard1.3\es\StreamJsonRpc.resources.dll
file name: C:\Users\v-xiqian\.nuget\packages\streamjsonrpc\1.5.43\lib\netstandard1.3\fr\StreamJsonRpc.resources.dll
file name: C:\Users\v-xiqian\.nuget\packages\streamjsonrpc\1.5.43\lib\netstandard1.3\it\StreamJsonRpc.resources.dll
file name: C:\Users\v-xiqian\.nuget\packages\streamjsonrpc\1.5.43\lib\netstandard1.3\ja\StreamJsonRpc.resources.dll
file name: C:\Users\v-xiqian\.nuget\packages\streamjsonrpc\1.5.43\lib\netstandard1.3\ko\StreamJsonRpc.resources.dll
file name: C:\Users\v-xiqian\.nuget\packages\streamjsonrpc\1.5.43\lib\netstandard1.3\pl\StreamJsonRpc.resources.dll
file name: C:\Users\v-xiqian\.nuget\packages\streamjsonrpc\1.5.43\lib\netstandard1.3\pt-BR\StreamJsonRpc.resources.dll
file name: C:\Users\v-xiqian\.nuget\packages\streamjsonrpc\1.5.43\lib\netstandard1.3\ru\StreamJsonRpc.resources.dll
file name: C:\Users\v-xiqian\.nuget\packages\streamjsonrpc\1.5.43\lib\netstandard1.3\tr\StreamJsonRpc.resources.dll
file name: C:\Users\v-xiqian\.nuget\packages\streamjsonrpc\1.5.43\lib\netstandard1.3\zh-Hans\StreamJsonRpc.resources.dll
file name: C:\Users\v-xiqian\.nuget\packages\streamjsonrpc\1.5.43\lib\netstandard1.3\zh-Hant\StreamJsonRpc.resources.dll
file name: C:\Users\v-xiqian\.nuget\packages\streamjsonrpc\1.5.43\lib\netstandard2.0\cs\StreamJsonRpc.resources.dll
file name: C:\Users\v-xiqian\.nuget\packages\streamjsonrpc\1.5.43\lib\netstandard2.0\de\StreamJsonRpc.resources.dll
file name: C:\Users\v-xiqian\.nuget\packages\streamjsonrpc\1.5.43\lib\netstandard2.0\es\StreamJsonRpc.resources.dll
file name: C:\Users\v-xiqian\.nuget\packages\streamjsonrpc\1.5.43\lib\netstandard2.0\fr\StreamJsonRpc.resources.dll
file name: C:\Users\v-xiqian\.nuget\packages\streamjsonrpc\1.5.43\lib\netstandard2.0\it\StreamJsonRpc.resources.dll
file name: C:\Users\v-xiqian\.nuget\packages\streamjsonrpc\1.5.43\lib\netstandard2.0\ja\StreamJsonRpc.resources.dll
file name: C:\Users\v-xiqian\.nuget\packages\streamjsonrpc\1.5.43\lib\netstandard2.0\ko\StreamJsonRpc.resources.dll
file name: C:\Users\v-xiqian\.nuget\packages\streamjsonrpc\1.5.43\lib\netstandard2.0\pl\StreamJsonRpc.resources.dll
file name: C:\Users\v-xiqian\.nuget\packages\streamjsonrpc\1.5.43\lib\netstandard2.0\pt-BR\StreamJsonRpc.resources.dll
file name: C:\Users\v-xiqian\.nuget\packages\streamjsonrpc\1.5.43\lib\netstandard2.0\ru\StreamJsonRpc.resources.dll
file name: C:\Users\v-xiqian\.nuget\packages\streamjsonrpc\1.5.43\lib\netstandard2.0\tr\StreamJsonRpc.resources.dll
file name: C:\Users\v-xiqian\.nuget\packages\streamjsonrpc\1.5.43\lib\netstandard2.0\zh-Hans\StreamJsonRpc.resources.dll
file name: C:\Users\v-xiqian\.nuget\packages\streamjsonrpc\1.5.43\lib\netstandard2.0\zh-Hant\StreamJsonRpc.resources.dll
file name: C:\Users\v-xiqian\.nuget\packages\streamjsonrpc\1.5.43\lib\portable-net45+win8+wpa81\cs\StreamJsonRpc.resources.dll
file name: C:\Users\v-xiqian\.nuget\packages\streamjsonrpc\1.5.43\lib\portable-net45+win8+wpa81\de\StreamJsonRpc.resources.dll
file name: C:\Users\v-xiqian\.nuget\packages\streamjsonrpc\1.5.43\lib\portable-net45+win8+wpa81\es\StreamJsonRpc.resources.dll
file name: C:\Users\v-xiqian\.nuget\packages\streamjsonrpc\1.5.43\lib\portable-net45+win8+wpa81\fr\StreamJsonRpc.resources.dll
file name: C:\Users\v-xiqian\.nuget\packages\streamjsonrpc\1.5.43\lib\portable-net45+win8+wpa81\it\StreamJsonRpc.resources.dll
file name: C:\Users\v-xiqian\.nuget\packages\streamjsonrpc\1.5.43\lib\portable-net45+win8+wpa81\ja\StreamJsonRpc.resources.dll
file name: C:\Users\v-xiqian\.nuget\packages\streamjsonrpc\1.5.43\lib\portable-net45+win8+wpa81\ko\StreamJsonRpc.resources.dll
file name: C:\Users\v-xiqian\.nuget\packages\streamjsonrpc\1.5.43\lib\portable-net45+win8+wpa81\pl\StreamJsonRpc.resources.dll
file name: C:\Users\v-xiqian\.nuget\packages\streamjsonrpc\1.5.43\lib\portable-net45+win8+wpa81\pt-BR\StreamJsonRpc.resources.dll
file name: C:\Users\v-xiqian\.nuget\packages\streamjsonrpc\1.5.43\lib\portable-net45+win8+wpa81\ru\StreamJsonRpc.resources.dll
file name: C:\Users\v-xiqian\.nuget\packages\streamjsonrpc\1.5.43\lib\portable-net45+win8+wpa81\tr\StreamJsonRpc.resources.dll
file name: C:\Users\v-xiqian\.nuget\packages\streamjsonrpc\1.5.43\lib\portable-net45+win8+wpa81\zh-Hans\StreamJsonRpc.resources.dll
file name: C:\Users\v-xiqian\.nuget\packages\streamjsonrpc\1.5.43\lib\portable-net45+win8+wpa81\zh-Hant\StreamJsonRpc.resources.dll
file name: C:\Users\v-xiqian\.nuget\packages\system.buffers\4.5.0\THIRD-PARTY-NOTICES.TXT
file name: C:\Users\v-xiqian\.nuget\packages\system.io\4.3.0\ThirdPartyNotices.txt
file name: C:\Users\v-xiqian\.nuget\packages\system.net.http\4.3.3\ThirdPartyNotices.txt
file name: C:\Users\v-xiqian\.nuget\packages\system.reflection.emit\4.3.0\system.reflection.emit.4.3.0.nupkg
file name: C:\Users\v-xiqian\.nuget\packages\system.runtime\4.3.0\ThirdPartyNotices.txt
file name: C:\Users\v-xiqian\.nuget\packages\system.security.cryptography.algorithms\4.3.0\ThirdPartyNotices.txt
file name: C:\Users\v-xiqian\.nuget\packages\system.security.cryptography.encoding\4.3.0\ThirdPartyNotices.txt
file name: C:\Users\v-xiqian\.nuget\packages\system.security.cryptography.primitives\4.3.0\system.security.cryptography.primitives.4.3.0.nupkg
file name: C:\Users\v-xiqian\.nuget\packages\system.security.cryptography.x509certificates\4.3.0\system.security.cryptography.x509certificates.4.3.0.nupkg
file name: C:\Users\v-xiqian\.nuget\packages\system.threading.tasks.extensions\4.3.0\ThirdPartyNotices.txt
file name: C:\Users\v-xiqian\.templateengine\vs-2017.3\16.0.2+28803.202-54c443ca\packages\microsoft.dotnet.common.itemtemplates.1.0.2-beta3.nupkg
file name: C:\Users\v-xiqian\Desktop\Log.cs
file name: C:\Users\v-xiqian\Documents\script.sql
file name: C:\Users\v-xiqian\Downloads\Log.cs
file name: C:\Users\v-xiqian\source\repos\ConsoleApp1\ConsoleApp1\Program.cs
file name: C:\Users\v-xiqian\source\repos\ConsoleApp2\ConsoleApp2\Program.cs
file name: C:\Users\v-xiqian\source\repos\ExtractStr\ExtractStr.sln
file name: C:\Users\v-xiqian\source\repos\firstWebApp\firstWebApp\Global.asax.cs
file name: C:\Users\v-xiqian\source\repos\firstWebApp\packages\EntityFramework.6.2.0\tools\EntityFramework.PowerShell.dll
file name: C:\Users\v-xiqian\source\repos\firstWebApp\packages\Microsoft.AspNet.WebPages.3.2.7\Microsoft.AspNet.WebPages.3.2.7.nupkg
file name: C:\Users\v-xiqian\source\repos\firstWebApp\packages\Microsoft.CodeDom.Providers.DotNetCompilerPlatform.2.0.0\tools\Roslyn45\System.Diagnostics.StackTrace.dll
file name: C:\Users\v-xiqian\source\repos\firstWebApp\packages\Microsoft.CodeDom.Providers.DotNetCompilerPlatform.2.0.0\tools\RoslynLatest\System.Diagnostics.FileVersionInfo.dll
file name: C:\Users\v-xiqian\source\repos\firstWebApp\packages\Microsoft.VisualStudio.SDK.EmbedInteropTypes.15.0.27\Microsoft.VisualStudio.SDK.EmbedInteropTypes.15.0.27.nupkg
file name: C:\Users\v-xiqian\source\repos\firstWebApp\packages\Microsoft.VisualStudio.Shell.15.0.16.0.28729\Microsoft.VisualStudio.Shell.15.0.16.0.28729.nupkg
file name: C:\Users\v-xiqian\source\repos\firstWebApp\packages\Microsoft.VisualStudio.Shell.Framework.16.0.28729\Microsoft.VisualStudio.Shell.Framework.16.0.28729.nupkg
file name: C:\Users\v-xiqian\source\repos\firstWebApp\packages\Microsoft.VisualStudio.Shell.Interop.10.0.10.0.30320\Microsoft.VisualStudio.Shell.Interop.10.0.10.0.30320.nupkg
file name: C:\Users\v-xiqian\source\repos\firstWebApp\packages\Microsoft.VisualStudio.Shell.Interop.11.0.11.0.61031\Microsoft.VisualStudio.Shell.Interop.11.0.11.0.61031.nupkg
file name: C:\Users\v-xiqian\source\repos\firstWebApp\packages\Microsoft.VisualStudio.Shell.Interop.12.0.12.0.30111\Microsoft.VisualStudio.Shell.Interop.12.0.12.0.30111.nupkg
file name: C:\Users\v-xiqian\source\repos\firstWebApp\packages\Microsoft.VisualStudio.Shell.Interop.14.0.DesignTime.14.3.26929\Microsoft.VisualStudio.Shell.Interop.14.0.DesignTime.14.3.26929.nupkg
file name: C:\Users\v-xiqian\source\repos\firstWebApp\packages\Microsoft.VisualStudio.Shell.Interop.15.3.DesignTime.15.0.26929\Microsoft.VisualStudio.Shell.Interop.15.3.DesignTime.15.0.26929.nupkg
file name: C:\Users\v-xiqian\source\repos\firstWebApp\packages\Microsoft.VisualStudio.Shell.Interop.15.6.DesignTime.15.6.27413\Microsoft.VisualStudio.Shell.Interop.15.6.DesignTime.15.6.27413.nupkg
file name: C:\Users\v-xiqian\source\repos\firstWebApp\packages\Microsoft.VisualStudio.Shell.Interop.7.10.6072\Microsoft.VisualStudio.Shell.Interop.7.10.6072.nupkg
file name: C:\Users\v-xiqian\source\repos\firstWebApp\packages\Microsoft.VisualStudio.Shell.Interop.8.0.8.0.50728\Microsoft.VisualStudio.Shell.Interop.8.0.8.0.50728.nupkg
file name: C:\Users\v-xiqian\source\repos\firstWebApp\packages\Microsoft.VisualStudio.Shell.Interop.9.0.9.0.30730\Microsoft.VisualStudio.Shell.Interop.9.0.9.0.30730.nupkg
file name: C:\Users\v-xiqian\source\repos\firstWebApp\packages\Microsoft.VisualStudio.Threading.16.0.102\lib\net45\cs\Microsoft.VisualStudio.Threading.resources.dll
file name: C:\Users\v-xiqian\source\repos\firstWebApp\packages\Microsoft.VisualStudio.Threading.16.0.102\lib\net45\de\Microsoft.VisualStudio.Threading.resources.dll
file name: C:\Users\v-xiqian\source\repos\firstWebApp\packages\Microsoft.VisualStudio.Threading.16.0.102\lib\net45\es\Microsoft.VisualStudio.Threading.resources.dll
file name: C:\Users\v-xiqian\source\repos\firstWebApp\packages\Microsoft.VisualStudio.Threading.16.0.102\lib\net45\fr\Microsoft.VisualStudio.Threading.resources.dll
file name: C:\Users\v-xiqian\source\repos\firstWebApp\packages\Microsoft.VisualStudio.Threading.16.0.102\lib\net45\it\Microsoft.VisualStudio.Threading.resources.dll
file name: C:\Users\v-xiqian\source\repos\firstWebApp\packages\Microsoft.VisualStudio.Threading.16.0.102\lib\net45\ja\Microsoft.VisualStudio.Threading.resources.dll
file name: C:\Users\v-xiqian\source\repos\firstWebApp\packages\Microsoft.VisualStudio.Threading.16.0.102\lib\net45\ko\Microsoft.VisualStudio.Threading.resources.dll
file name: C:\Users\v-xiqian\source\repos\firstWebApp\packages\Microsoft.VisualStudio.Threading.16.0.102\lib\net45\pl\Microsoft.VisualStudio.Threading.resources.dll
file name: C:\Users\v-xiqian\source\repos\firstWebApp\packages\Microsoft.VisualStudio.Threading.16.0.102\lib\net45\pt-BR\Microsoft.VisualStudio.Threading.resources.dll
file name: C:\Users\v-xiqian\source\repos\firstWebApp\packages\Microsoft.VisualStudio.Threading.16.0.102\lib\net45\ru\Microsoft.VisualStudio.Threading.resources.dll
file name: C:\Users\v-xiqian\source\repos\firstWebApp\packages\Microsoft.VisualStudio.Threading.16.0.102\lib\net45\tr\Microsoft.VisualStudio.Threading.resources.dll
file name: C:\Users\v-xiqian\source\repos\firstWebApp\packages\Microsoft.VisualStudio.Threading.16.0.102\lib\net45\zh-Hans\Microsoft.VisualStudio.Threading.resources.dll
file name: C:\Users\v-xiqian\source\repos\firstWebApp\packages\Microsoft.VisualStudio.Threading.16.0.102\lib\net45\zh-Hant\Microsoft.VisualStudio.Threading.resources.dll
file name: C:\Users\v-xiqian\source\repos\firstWebApp\packages\Microsoft.VisualStudio.Threading.16.0.102\lib\net46\cs\Microsoft.VisualStudio.Threading.resources.dll
file name: C:\Users\v-xiqian\source\repos\firstWebApp\packages\Microsoft.VisualStudio.Threading.16.0.102\lib\net46\de\Microsoft.VisualStudio.Threading.resources.dll
file name: C:\Users\v-xiqian\source\repos\firstWebApp\packages\Microsoft.VisualStudio.Threading.16.0.102\lib\net46\es\Microsoft.VisualStudio.Threading.resources.dll
file name: C:\Users\v-xiqian\source\repos\firstWebApp\packages\Microsoft.VisualStudio.Threading.16.0.102\lib\net46\fr\Microsoft.VisualStudio.Threading.resources.dll
file name: C:\Users\v-xiqian\source\repos\firstWebApp\packages\Microsoft.VisualStudio.Threading.16.0.102\lib\net46\it\Microsoft.VisualStudio.Threading.resources.dll
file name: C:\Users\v-xiqian\source\repos\firstWebApp\packages\Microsoft.VisualStudio.Threading.16.0.102\lib\net46\ja\Microsoft.VisualStudio.Threading.resources.dll
file name: C:\Users\v-xiqian\source\repos\firstWebApp\packages\Microsoft.VisualStudio.Threading.16.0.102\lib\net46\ko\Microsoft.VisualStudio.Threading.resources.dll
file name: C:\Users\v-xiqian\source\repos\firstWebApp\packages\Microsoft.VisualStudio.Threading.16.0.102\lib\net46\pl\Microsoft.VisualStudio.Threading.resources.dll
file name: C:\Users\v-xiqian\source\repos\firstWebApp\packages\Microsoft.VisualStudio.Threading.16.0.102\lib\net46\pt-BR\Microsoft.VisualStudio.Threading.resources.dll
file name: C:\Users\v-xiqian\source\repos\firstWebApp\packages\Microsoft.VisualStudio.Threading.16.0.102\lib\net46\ru\Microsoft.VisualStudio.Threading.resources.dll
file name: C:\Users\v-xiqian\source\repos\firstWebApp\packages\Microsoft.VisualStudio.Threading.16.0.102\lib\net46\tr\Microsoft.VisualStudio.Threading.resources.dll
file name: C:\Users\v-xiqian\source\repos\firstWebApp\packages\Microsoft.VisualStudio.Threading.16.0.102\lib\net46\zh-Hans\Microsoft.VisualStudio.Threading.resources.dll
file name: C:\Users\v-xiqian\source\repos\firstWebApp\packages\Microsoft.VisualStudio.Threading.16.0.102\lib\net46\zh-Hant\Microsoft.VisualStudio.Threading.resources.dll
file name: C:\Users\v-xiqian\source\repos\firstWebApp\packages\Microsoft.VisualStudio.Threading.16.0.102\lib\netstandard1.3\cs\Microsoft.VisualStudio.Threading.resources.dll
file name: C:\Users\v-xiqian\source\repos\firstWebApp\packages\Microsoft.VisualStudio.Threading.16.0.102\lib\netstandard1.3\de\Microsoft.VisualStudio.Threading.resources.dll
file name: C:\Users\v-xiqian\source\repos\firstWebApp\packages\Microsoft.VisualStudio.Threading.16.0.102\lib\netstandard1.3\es\Microsoft.VisualStudio.Threading.resources.dll
file name: C:\Users\v-xiqian\source\repos\firstWebApp\packages\Microsoft.VisualStudio.Threading.16.0.102\lib\netstandard1.3\fr\Microsoft.VisualStudio.Threading.resources.dll
file name: C:\Users\v-xiqian\source\repos\firstWebApp\packages\Microsoft.VisualStudio.Threading.16.0.102\lib\netstandard1.3\it\Microsoft.VisualStudio.Threading.resources.dll
file name: C:\Users\v-xiqian\source\repos\firstWebApp\packages\Microsoft.VisualStudio.Threading.16.0.102\lib\netstandard1.3\ja\Microsoft.VisualStudio.Threading.resources.dll
file name: C:\Users\v-xiqian\source\repos\firstWebApp\packages\Microsoft.VisualStudio.Threading.16.0.102\lib\netstandard1.3\ko\Microsoft.VisualStudio.Threading.resources.dll
file name: C:\Users\v-xiqian\source\repos\firstWebApp\packages\Microsoft.VisualStudio.Threading.16.0.102\lib\netstandard1.3\pl\Microsoft.VisualStudio.Threading.resources.dll
file name: C:\Users\v-xiqian\source\repos\firstWebApp\packages\Microsoft.VisualStudio.Threading.16.0.102\lib\netstandard1.3\pt-BR\Microsoft.VisualStudio.Threading.resources.dll
file name: C:\Users\v-xiqian\source\repos\firstWebApp\packages\Microsoft.VisualStudio.Threading.16.0.102\lib\netstandard1.3\ru\Microsoft.VisualStudio.Threading.resources.dll
file name: C:\Users\v-xiqian\source\repos\firstWebApp\packages\Microsoft.VisualStudio.Threading.16.0.102\lib\netstandard1.3\tr\Microsoft.VisualStudio.Threading.resources.dll
file name: C:\Users\v-xiqian\source\repos\firstWebApp\packages\Microsoft.VisualStudio.Threading.16.0.102\lib\netstandard1.3\zh-Hans\Microsoft.VisualStudio.Threading.resources.dll
file name: C:\Users\v-xiqian\source\repos\firstWebApp\packages\Microsoft.VisualStudio.Threading.16.0.102\lib\netstandard1.3\zh-Hant\Microsoft.VisualStudio.Threading.resources.dll
file name: C:\Users\v-xiqian\source\repos\firstWebApp\packages\Microsoft.VisualStudio.Threading.16.0.102\lib\netstandard2.0\cs\Microsoft.VisualStudio.Threading.resources.dll
file name: C:\Users\v-xiqian\source\repos\firstWebApp\packages\Microsoft.VisualStudio.Threading.16.0.102\lib\netstandard2.0\de\Microsoft.VisualStudio.Threading.resources.dll
file name: C:\Users\v-xiqian\source\repos\firstWebApp\packages\Microsoft.VisualStudio.Threading.16.0.102\lib\netstandard2.0\es\Microsoft.VisualStudio.Threading.resources.dll
file name: C:\Users\v-xiqian\source\repos\firstWebApp\packages\Microsoft.VisualStudio.Threading.16.0.102\lib\netstandard2.0\fr\Microsoft.VisualStudio.Threading.resources.dll
file name: C:\Users\v-xiqian\source\repos\firstWebApp\packages\Microsoft.VisualStudio.Threading.16.0.102\lib\netstandard2.0\it\Microsoft.VisualStudio.Threading.resources.dll
file name: C:\Users\v-xiqian\source\repos\firstWebApp\packages\Microsoft.VisualStudio.Threading.16.0.102\lib\netstandard2.0\ja\Microsoft.VisualStudio.Threading.resources.dll
file name: C:\Users\v-xiqian\source\repos\firstWebApp\packages\Microsoft.VisualStudio.Threading.16.0.102\lib\netstandard2.0\ko\Microsoft.VisualStudio.Threading.resources.dll
file name: C:\Users\v-xiqian\source\repos\firstWebApp\packages\Microsoft.VisualStudio.Threading.16.0.102\lib\netstandard2.0\pl\Microsoft.VisualStudio.Threading.resources.dll
file name: C:\Users\v-xiqian\source\repos\firstWebApp\packages\Microsoft.VisualStudio.Threading.16.0.102\lib\netstandard2.0\pt-BR\Microsoft.VisualStudio.Threading.resources.dll
file name: C:\Users\v-xiqian\source\repos\firstWebApp\packages\Microsoft.VisualStudio.Threading.16.0.102\lib\netstandard2.0\ru\Microsoft.VisualStudio.Threading.resources.dll
file name: C:\Users\v-xiqian\source\repos\firstWebApp\packages\Microsoft.VisualStudio.Threading.16.0.102\lib\netstandard2.0\tr\Microsoft.VisualStudio.Threading.resources.dll
file name: C:\Users\v-xiqian\source\repos\firstWebApp\packages\Microsoft.VisualStudio.Threading.16.0.102\lib\netstandard2.0\zh-Hans\Microsoft.VisualStudio.Threading.resources.dll
file name: C:\Users\v-xiqian\source\repos\firstWebApp\packages\Microsoft.VisualStudio.Threading.16.0.102\lib\netstandard2.0\zh-Hant\Microsoft.VisualStudio.Threading.resources.dll
file name: C:\Users\v-xiqian\source\repos\firstWebApp\packages\Microsoft.VisualStudio.Utilities.16.0.28729\Microsoft.VisualStudio.Utilities.16.0.28729.nupkg
file name: C:\Users\v-xiqian\source\repos\firstWebApp\packages\Microsoft.VisualStudio.Validation.15.3.15\lib\net45\cs\Microsoft.VisualStudio.Validation.resources.dll
file name: C:\Users\v-xiqian\source\repos\firstWebApp\packages\Microsoft.VisualStudio.Validation.15.3.15\lib\net45\de\Microsoft.VisualStudio.Validation.resources.dll
file name: C:\Users\v-xiqian\source\repos\firstWebApp\packages\Microsoft.VisualStudio.Validation.15.3.15\lib\net45\es\Microsoft.VisualStudio.Validation.resources.dll
file name: C:\Users\v-xiqian\source\repos\firstWebApp\packages\Microsoft.VisualStudio.Validation.15.3.15\lib\net45\fr\Microsoft.VisualStudio.Validation.resources.dll
file name: C:\Users\v-xiqian\source\repos\firstWebApp\packages\Microsoft.VisualStudio.Validation.15.3.15\lib\net45\it\Microsoft.VisualStudio.Validation.resources.dll
file name: C:\Users\v-xiqian\source\repos\firstWebApp\packages\Microsoft.VisualStudio.Validation.15.3.15\lib\net45\ja\Microsoft.VisualStudio.Validation.resources.dll
file name: C:\Users\v-xiqian\source\repos\firstWebApp\packages\Microsoft.VisualStudio.Validation.15.3.15\lib\net45\ko\Microsoft.VisualStudio.Validation.resources.dll
file name: C:\Users\v-xiqian\source\repos\firstWebApp\packages\Microsoft.VisualStudio.Validation.15.3.15\lib\net45\pl\Microsoft.VisualStudio.Validation.resources.dll
file name: C:\Users\v-xiqian\source\repos\firstWebApp\packages\Microsoft.VisualStudio.Validation.15.3.15\lib\net45\pt-BR\Microsoft.VisualStudio.Validation.resources.dll
file name: C:\Users\v-xiqian\source\repos\firstWebApp\packages\Microsoft.VisualStudio.Validation.15.3.15\lib\net45\ru\Microsoft.VisualStudio.Validation.resources.dll
file name: C:\Users\v-xiqian\source\repos\firstWebApp\packages\Microsoft.VisualStudio.Validation.15.3.15\lib\net45\tr\Microsoft.VisualStudio.Validation.resources.dll
file name: C:\Users\v-xiqian\source\repos\firstWebApp\packages\Microsoft.VisualStudio.Validation.15.3.15\lib\net45\zh-Hans\Microsoft.VisualStudio.Validation.resources.dll
file name: C:\Users\v-xiqian\source\repos\firstWebApp\packages\Microsoft.VisualStudio.Validation.15.3.15\lib\net45\zh-Hant\Microsoft.VisualStudio.Validation.resources.dll
file name: C:\Users\v-xiqian\source\repos\firstWebApp\packages\Microsoft.VisualStudio.Validation.15.3.15\lib\netstandard1.0\cs\Microsoft.VisualStudio.Validation.resources.dll
file name: C:\Users\v-xiqian\source\repos\firstWebApp\packages\Microsoft.VisualStudio.Validation.15.3.15\lib\netstandard1.0\de\Microsoft.VisualStudio.Validation.resources.dll
file name: C:\Users\v-xiqian\source\repos\firstWebApp\packages\Microsoft.VisualStudio.Validation.15.3.15\lib\netstandard1.0\es\Microsoft.VisualStudio.Validation.resources.dll
file name: C:\Users\v-xiqian\source\repos\firstWebApp\packages\Microsoft.VisualStudio.Validation.15.3.15\lib\netstandard1.0\fr\Microsoft.VisualStudio.Validation.resources.dll
file name: C:\Users\v-xiqian\source\repos\firstWebApp\packages\Microsoft.VisualStudio.Validation.15.3.15\lib\netstandard1.0\it\Microsoft.VisualStudio.Validation.resources.dll
file name: C:\Users\v-xiqian\source\repos\firstWebApp\packages\Microsoft.VisualStudio.Validation.15.3.15\lib\netstandard1.0\ja\Microsoft.VisualStudio.Validation.resources.dll
file name: C:\Users\v-xiqian\source\repos\firstWebApp\packages\Microsoft.VisualStudio.Validation.15.3.15\lib\netstandard1.0\ko\Microsoft.VisualStudio.Validation.resources.dll
file name: C:\Users\v-xiqian\source\repos\firstWebApp\packages\Microsoft.VisualStudio.Validation.15.3.15\lib\netstandard1.0\pl\Microsoft.VisualStudio.Validation.resources.dll
file name: C:\Users\v-xiqian\source\repos\firstWebApp\packages\Microsoft.VisualStudio.Validation.15.3.15\lib\netstandard1.0\pt-BR\Microsoft.VisualStudio.Validation.resources.dll
file name: C:\Users\v-xiqian\source\repos\firstWebApp\packages\Microsoft.VisualStudio.Validation.15.3.15\lib\netstandard1.0\ru\Microsoft.VisualStudio.Validation.resources.dll
file name: C:\Users\v-xiqian\source\repos\firstWebApp\packages\Microsoft.VisualStudio.Validation.15.3.15\lib\netstandard1.0\tr\Microsoft.VisualStudio.Validation.resources.dll
file name: C:\Users\v-xiqian\source\repos\firstWebApp\packages\Microsoft.VisualStudio.Validation.15.3.15\lib\netstandard1.0\zh-Hans\Microsoft.VisualStudio.Validation.resources.dll
file name: C:\Users\v-xiqian\source\repos\firstWebApp\packages\Microsoft.VisualStudio.Validation.15.3.15\lib\netstandard1.0\zh-Hant\Microsoft.VisualStudio.Validation.resources.dll
file name: C:\Users\v-xiqian\source\repos\firstWebApp\packages\Microsoft.VisualStudio.Validation.15.3.15\lib\portable-net45+win8+wp8+wpa81\cs\Microsoft.VisualStudio.Validation.resources.dll
file name: C:\Users\v-xiqian\source\repos\firstWebApp\packages\Microsoft.VisualStudio.Validation.15.3.15\lib\portable-net45+win8+wp8+wpa81\de\Microsoft.VisualStudio.Validation.resources.dll
file name: C:\Users\v-xiqian\source\repos\firstWebApp\packages\Microsoft.VisualStudio.Validation.15.3.15\lib\portable-net45+win8+wp8+wpa81\es\Microsoft.VisualStudio.Validation.resources.dll
file name: C:\Users\v-xiqian\source\repos\firstWebApp\packages\Microsoft.VisualStudio.Validation.15.3.15\lib\portable-net45+win8+wp8+wpa81\fr\Microsoft.VisualStudio.Validation.resources.dll
file name: C:\Users\v-xiqian\source\repos\firstWebApp\packages\Microsoft.VisualStudio.Validation.15.3.15\lib\portable-net45+win8+wp8+wpa81\it\Microsoft.VisualStudio.Validation.resources.dll
file name: C:\Users\v-xiqian\source\repos\firstWebApp\packages\Microsoft.VisualStudio.Validation.15.3.15\lib\portable-net45+win8+wp8+wpa81\ja\Microsoft.VisualStudio.Validation.resources.dll
file name: C:\Users\v-xiqian\source\repos\firstWebApp\packages\Microsoft.VisualStudio.Validation.15.3.15\lib\portable-net45+win8+wp8+wpa81\ko\Microsoft.VisualStudio.Validation.resources.dll
file name: C:\Users\v-xiqian\source\repos\firstWebApp\packages\Microsoft.VisualStudio.Validation.15.3.15\lib\portable-net45+win8+wp8+wpa81\pl\Microsoft.VisualStudio.Validation.resources.dll
file name: C:\Users\v-xiqian\source\repos\firstWebApp\packages\Microsoft.VisualStudio.Validation.15.3.15\lib\portable-net45+win8+wp8+wpa81\pt-BR\Microsoft.VisualStudio.Validation.resources.dll
file name: C:\Users\v-xiqian\source\repos\firstWebApp\packages\Microsoft.VisualStudio.Validation.15.3.15\lib\portable-net45+win8+wp8+wpa81\ru\Microsoft.VisualStudio.Validation.resources.dll
file name: C:\Users\v-xiqian\source\repos\firstWebApp\packages\Microsoft.VisualStudio.Validation.15.3.15\lib\portable-net45+win8+wp8+wpa81\tr\Microsoft.VisualStudio.Validation.resources.dll
file name: C:\Users\v-xiqian\source\repos\firstWebApp\packages\Microsoft.VisualStudio.Validation.15.3.15\lib\portable-net45+win8+wp8+wpa81\zh-Hans\Microsoft.VisualStudio.Validation.resources.dll
file name: C:\Users\v-xiqian\source\repos\firstWebApp\packages\Microsoft.VisualStudio.Validation.15.3.15\lib\portable-net45+win8+wp8+wpa81\zh-Hant\Microsoft.VisualStudio.Validation.resources.dll
file name: C:\Users\v-xiqian\source\repos\firstWebApp\packages\StreamJsonRpc.1.5.43\lib\net45\cs\StreamJsonRpc.resources.dll
file name: C:\Users\v-xiqian\source\repos\firstWebApp\packages\StreamJsonRpc.1.5.43\lib\net45\de\StreamJsonRpc.resources.dll
file name: C:\Users\v-xiqian\source\repos\firstWebApp\packages\StreamJsonRpc.1.5.43\lib\net45\es\StreamJsonRpc.resources.dll
file name: C:\Users\v-xiqian\source\repos\firstWebApp\packages\StreamJsonRpc.1.5.43\lib\net45\fr\StreamJsonRpc.resources.dll
file name: C:\Users\v-xiqian\source\repos\firstWebApp\packages\StreamJsonRpc.1.5.43\lib\net45\it\StreamJsonRpc.resources.dll
file name: C:\Users\v-xiqian\source\repos\firstWebApp\packages\StreamJsonRpc.1.5.43\lib\net45\ja\StreamJsonRpc.resources.dll
file name: C:\Users\v-xiqian\source\repos\firstWebApp\packages\StreamJsonRpc.1.5.43\lib\net45\ko\StreamJsonRpc.resources.dll
file name: C:\Users\v-xiqian\source\repos\firstWebApp\packages\StreamJsonRpc.1.5.43\lib\net45\pl\StreamJsonRpc.resources.dll
file name: C:\Users\v-xiqian\source\repos\firstWebApp\packages\StreamJsonRpc.1.5.43\lib\net45\pt-BR\StreamJsonRpc.resources.dll
file name: C:\Users\v-xiqian\source\repos\firstWebApp\packages\StreamJsonRpc.1.5.43\lib\net45\ru\StreamJsonRpc.resources.dll
file name: C:\Users\v-xiqian\source\repos\firstWebApp\packages\StreamJsonRpc.1.5.43\lib\net45\tr\StreamJsonRpc.resources.dll
file name: C:\Users\v-xiqian\source\repos\firstWebApp\packages\StreamJsonRpc.1.5.43\lib\net45\zh-Hans\StreamJsonRpc.resources.dll
file name: C:\Users\v-xiqian\source\repos\firstWebApp\packages\StreamJsonRpc.1.5.43\lib\net45\zh-Hant\StreamJsonRpc.resources.dll
file name: C:\Users\v-xiqian\source\repos\firstWebApp\packages\StreamJsonRpc.1.5.43\lib\net46\cs\StreamJsonRpc.resources.dll
file name: C:\Users\v-xiqian\source\repos\firstWebApp\packages\StreamJsonRpc.1.5.43\lib\net46\de\StreamJsonRpc.resources.dll
file name: C:\Users\v-xiqian\source\repos\firstWebApp\packages\StreamJsonRpc.1.5.43\lib\net46\es\StreamJsonRpc.resources.dll
file name: C:\Users\v-xiqian\source\repos\firstWebApp\packages\StreamJsonRpc.1.5.43\lib\net46\fr\StreamJsonRpc.resources.dll
file name: C:\Users\v-xiqian\source\repos\firstWebApp\packages\StreamJsonRpc.1.5.43\lib\net46\it\StreamJsonRpc.resources.dll
file name: C:\Users\v-xiqian\source\repos\firstWebApp\packages\StreamJsonRpc.1.5.43\lib\net46\ja\StreamJsonRpc.resources.dll
file name: C:\Users\v-xiqian\source\repos\firstWebApp\packages\StreamJsonRpc.1.5.43\lib\net46\ko\StreamJsonRpc.resources.dll
file name: C:\Users\v-xiqian\source\repos\firstWebApp\packages\StreamJsonRpc.1.5.43\lib\net46\pl\StreamJsonRpc.resources.dll
file name: C:\Users\v-xiqian\source\repos\firstWebApp\packages\StreamJsonRpc.1.5.43\lib\net46\pt-BR\StreamJsonRpc.resources.dll
file name: C:\Users\v-xiqian\source\repos\firstWebApp\packages\StreamJsonRpc.1.5.43\lib\net46\ru\StreamJsonRpc.resources.dll
file name: C:\Users\v-xiqian\source\repos\firstWebApp\packages\StreamJsonRpc.1.5.43\lib\net46\tr\StreamJsonRpc.resources.dll
file name: C:\Users\v-xiqian\source\repos\firstWebApp\packages\StreamJsonRpc.1.5.43\lib\net46\zh-Hans\StreamJsonRpc.resources.dll
file name: C:\Users\v-xiqian\source\repos\firstWebApp\packages\StreamJsonRpc.1.5.43\lib\net46\zh-Hant\StreamJsonRpc.resources.dll
file name: C:\Users\v-xiqian\source\repos\firstWebApp\packages\StreamJsonRpc.1.5.43\lib\netstandard1.1\cs\StreamJsonRpc.resources.dll
file name: C:\Users\v-xiqian\source\repos\firstWebApp\packages\StreamJsonRpc.1.5.43\lib\netstandard1.1\de\StreamJsonRpc.resources.dll
file name: C:\Users\v-xiqian\source\repos\firstWebApp\packages\StreamJsonRpc.1.5.43\lib\netstandard1.1\es\StreamJsonRpc.resources.dll
file name: C:\Users\v-xiqian\source\repos\firstWebApp\packages\StreamJsonRpc.1.5.43\lib\netstandard1.1\fr\StreamJsonRpc.resources.dll
file name: C:\Users\v-xiqian\source\repos\firstWebApp\packages\StreamJsonRpc.1.5.43\lib\netstandard1.1\it\StreamJsonRpc.resources.dll
file name: C:\Users\v-xiqian\source\repos\firstWebApp\packages\StreamJsonRpc.1.5.43\lib\netstandard1.1\ja\StreamJsonRpc.resources.dll
file name: C:\Users\v-xiqian\source\repos\firstWebApp\packages\StreamJsonRpc.1.5.43\lib\netstandard1.1\ko\StreamJsonRpc.resources.dll
file name: C:\Users\v-xiqian\source\repos\firstWebApp\packages\StreamJsonRpc.1.5.43\lib\netstandard1.1\pl\StreamJsonRpc.resources.dll
file name: C:\Users\v-xiqian\source\repos\firstWebApp\packages\StreamJsonRpc.1.5.43\lib\netstandard1.1\pt-BR\StreamJsonRpc.resources.dll
file name: C:\Users\v-xiqian\source\repos\firstWebApp\packages\StreamJsonRpc.1.5.43\lib\netstandard1.1\ru\StreamJsonRpc.resources.dll
file name: C:\Users\v-xiqian\source\repos\firstWebApp\packages\StreamJsonRpc.1.5.43\lib\netstandard1.1\tr\StreamJsonRpc.resources.dll
file name: C:\Users\v-xiqian\source\repos\firstWebApp\packages\StreamJsonRpc.1.5.43\lib\netstandard1.1\zh-Hans\StreamJsonRpc.resources.dll
file name: C:\Users\v-xiqian\source\repos\firstWebApp\packages\StreamJsonRpc.1.5.43\lib\netstandard1.1\zh-Hant\StreamJsonRpc.resources.dll
file name: C:\Users\v-xiqian\source\repos\firstWebApp\packages\StreamJsonRpc.1.5.43\lib\netstandard1.3\cs\StreamJsonRpc.resources.dll
file name: C:\Users\v-xiqian\source\repos\firstWebApp\packages\StreamJsonRpc.1.5.43\lib\netstandard1.3\de\StreamJsonRpc.resources.dll
file name: C:\Users\v-xiqian\source\repos\firstWebApp\packages\StreamJsonRpc.1.5.43\lib\netstandard1.3\es\StreamJsonRpc.resources.dll
file name: C:\Users\v-xiqian\source\repos\firstWebApp\packages\StreamJsonRpc.1.5.43\lib\netstandard1.3\fr\StreamJsonRpc.resources.dll
file name: C:\Users\v-xiqian\source\repos\firstWebApp\packages\StreamJsonRpc.1.5.43\lib\netstandard1.3\it\StreamJsonRpc.resources.dll
file name: C:\Users\v-xiqian\source\repos\firstWebApp\packages\StreamJsonRpc.1.5.43\lib\netstandard1.3\ja\StreamJsonRpc.resources.dll
file name: C:\Users\v-xiqian\source\repos\firstWebApp\packages\StreamJsonRpc.1.5.43\lib\netstandard1.3\ko\StreamJsonRpc.resources.dll
file name: C:\Users\v-xiqian\source\repos\firstWebApp\packages\StreamJsonRpc.1.5.43\lib\netstandard1.3\pl\StreamJsonRpc.resources.dll
file name: C:\Users\v-xiqian\source\repos\firstWebApp\packages\StreamJsonRpc.1.5.43\lib\netstandard1.3\pt-BR\StreamJsonRpc.resources.dll
file name: C:\Users\v-xiqian\source\repos\firstWebApp\packages\StreamJsonRpc.1.5.43\lib\netstandard1.3\ru\StreamJsonRpc.resources.dll
file name: C:\Users\v-xiqian\source\repos\firstWebApp\packages\StreamJsonRpc.1.5.43\lib\netstandard1.3\tr\StreamJsonRpc.resources.dll
file name: C:\Users\v-xiqian\source\repos\firstWebApp\packages\StreamJsonRpc.1.5.43\lib\netstandard1.3\zh-Hans\StreamJsonRpc.resources.dll
file name: C:\Users\v-xiqian\source\repos\firstWebApp\packages\StreamJsonRpc.1.5.43\lib\netstandard1.3\zh-Hant\StreamJsonRpc.resources.dll
file name: C:\Users\v-xiqian\source\repos\firstWebApp\packages\StreamJsonRpc.1.5.43\lib\netstandard2.0\cs\StreamJsonRpc.resources.dll
file name: C:\Users\v-xiqian\source\repos\firstWebApp\packages\StreamJsonRpc.1.5.43\lib\netstandard2.0\de\StreamJsonRpc.resources.dll
file name: C:\Users\v-xiqian\source\repos\firstWebApp\packages\StreamJsonRpc.1.5.43\lib\netstandard2.0\es\StreamJsonRpc.resources.dll
file name: C:\Users\v-xiqian\source\repos\firstWebApp\packages\StreamJsonRpc.1.5.43\lib\netstandard2.0\fr\StreamJsonRpc.resources.dll
file name: C:\Users\v-xiqian\source\repos\firstWebApp\packages\StreamJsonRpc.1.5.43\lib\netstandard2.0\it\StreamJsonRpc.resources.dll
file name: C:\Users\v-xiqian\source\repos\firstWebApp\packages\StreamJsonRpc.1.5.43\lib\netstandard2.0\ja\StreamJsonRpc.resources.dll
file name: C:\Users\v-xiqian\source\repos\firstWebApp\packages\StreamJsonRpc.1.5.43\lib\netstandard2.0\ko\StreamJsonRpc.resources.dll
file name: C:\Users\v-xiqian\source\repos\firstWebApp\packages\StreamJsonRpc.1.5.43\lib\netstandard2.0\pl\StreamJsonRpc.resources.dll
file name: C:\Users\v-xiqian\source\repos\firstWebApp\packages\StreamJsonRpc.1.5.43\lib\netstandard2.0\pt-BR\StreamJsonRpc.resources.dll
file name: C:\Users\v-xiqian\source\repos\firstWebApp\packages\StreamJsonRpc.1.5.43\lib\netstandard2.0\ru\StreamJsonRpc.resources.dll
file name: C:\Users\v-xiqian\source\repos\firstWebApp\packages\StreamJsonRpc.1.5.43\lib\netstandard2.0\tr\StreamJsonRpc.resources.dll
file name: C:\Users\v-xiqian\source\repos\firstWebApp\packages\StreamJsonRpc.1.5.43\lib\netstandard2.0\zh-Hans\StreamJsonRpc.resources.dll
file name: C:\Users\v-xiqian\source\repos\firstWebApp\packages\StreamJsonRpc.1.5.43\lib\netstandard2.0\zh-Hant\StreamJsonRpc.resources.dll
file name: C:\Users\v-xiqian\source\repos\firstWebApp\packages\StreamJsonRpc.1.5.43\lib\portable-net45+win8+wpa81\cs\StreamJsonRpc.resources.dll
file name: C:\Users\v-xiqian\source\repos\firstWebApp\packages\StreamJsonRpc.1.5.43\lib\portable-net45+win8+wpa81\de\StreamJsonRpc.resources.dll
file name: C:\Users\v-xiqian\source\repos\firstWebApp\packages\StreamJsonRpc.1.5.43\lib\portable-net45+win8+wpa81\es\StreamJsonRpc.resources.dll
file name: C:\Users\v-xiqian\source\repos\firstWebApp\packages\StreamJsonRpc.1.5.43\lib\portable-net45+win8+wpa81\fr\StreamJsonRpc.resources.dll
file name: C:\Users\v-xiqian\source\repos\firstWebApp\packages\StreamJsonRpc.1.5.43\lib\portable-net45+win8+wpa81\it\StreamJsonRpc.resources.dll
file name: C:\Users\v-xiqian\source\repos\firstWebApp\packages\StreamJsonRpc.1.5.43\lib\portable-net45+win8+wpa81\ja\StreamJsonRpc.resources.dll
file name: C:\Users\v-xiqian\source\repos\firstWebApp\packages\StreamJsonRpc.1.5.43\lib\portable-net45+win8+wpa81\ko\StreamJsonRpc.resources.dll
file name: C:\Users\v-xiqian\source\repos\firstWebApp\packages\StreamJsonRpc.1.5.43\lib\portable-net45+win8+wpa81\pl\StreamJsonRpc.resources.dll
file name: C:\Users\v-xiqian\source\repos\firstWebApp\packages\StreamJsonRpc.1.5.43\lib\portable-net45+win8+wpa81\pt-BR\StreamJsonRpc.resources.dll
file name: C:\Users\v-xiqian\source\repos\firstWebApp\packages\StreamJsonRpc.1.5.43\lib\portable-net45+win8+wpa81\ru\StreamJsonRpc.resources.dll
file name: C:\Users\v-xiqian\source\repos\firstWebApp\packages\StreamJsonRpc.1.5.43\lib\portable-net45+win8+wpa81\tr\StreamJsonRpc.resources.dll
file name: C:\Users\v-xiqian\source\repos\firstWebApp\packages\StreamJsonRpc.1.5.43\lib\portable-net45+win8+wpa81\zh-Hans\StreamJsonRpc.resources.dll
file name: C:\Users\v-xiqian\source\repos\firstWebApp\packages\StreamJsonRpc.1.5.43\lib\portable-net45+win8+wpa81\zh-Hant\StreamJsonRpc.resources.dll
file name: C:\Users\v-xiqian\source\repos\firstWebApp\packages\System.Buffers.4.5.0\THIRD-PARTY-NOTICES.TXT
file name: C:\Users\v-xiqian\source\repos\firstWebApp\packages\System.IO.4.3.0\ThirdPartyNotices.txt
file name: C:\Users\v-xiqian\source\repos\firstWebApp\packages\System.Net.Http.4.3.3\ThirdPartyNotices.txt
file name: C:\Users\v-xiqian\source\repos\firstWebApp\packages\System.Reflection.Emit.4.3.0\System.Reflection.Emit.4.3.0.nupkg
file name: C:\Users\v-xiqian\source\repos\firstWebApp\packages\System.Runtime.4.3.0\ThirdPartyNotices.txt
file name: C:\Users\v-xiqian\source\repos\firstWebApp\packages\System.Security.Cryptography.Algorithms.4.3.0\ThirdPartyNotices.txt
file name: C:\Users\v-xiqian\source\repos\firstWebApp\packages\System.Security.Cryptography.Encoding.4.3.0\ThirdPartyNotices.txt
file name: C:\Users\v-xiqian\source\repos\firstWebApp\packages\System.Security.Cryptography.Primitives.4.3.0\System.Security.Cryptography.Primitives.4.3.0.nupkg
file name: C:\Users\v-xiqian\source\repos\firstWebApp\packages\System.Security.Cryptography.X509Certificates.4.3.0\System.Security.Cryptography.X509Certificates.4.3.0.nupkg
file name: C:\Users\v-xiqian\source\repos\firstWebApp\packages\System.Threading.Tasks.Extensions.4.3.0\ThirdPartyNotices.txt
file name: C:\Users\v-xiqian\source\repos\imgChange\imgChange\Program.cs
file name: C:\Users\v-xiqian\source\repos\LinqTest\LinqTest\Program.cs
file name: C:\Users\v-xiqian\source\repos\test\test\Class1.cs
file name: C:\Users\v-xiqian\source\repos\testDelegate\testDelegate\Program.cs
file name: C:\Users\v-xiqian\source\repos\TestLinq\TestLinq\Program.cs
file name: C:\Users\v-xiqian\source\repos\WindowsFormsApp1\WindowsFormsApp1\Form1.cs
file name: C:\Users\v-xiqian\source\repos\WindowsServiceTest\WindowsServiceTest\Program.cs
file name: C:\Users\v-xiqian\source\repos\WindowsServiceTest\WindowsServiceTestUI\App.xaml.cs
file name: C:\Users\v-xiqian\source\repos\winform\winform\Class1.cs
file name: C:\Windows.old\inetpub\custerr\en-US\404.htm
file name: C:\Windows.old\inetpub\custerr\zh-CN\404.htm
file name: C:\Windows.old\Program Files\Common Files\microsoft shared\ink\ipschs.xml
file name: C:\Windows.old\Program Files\Common Files\system\zh-CN\wab32res.dll.mui
file name: C:\Windows.old\Program Files\Reference Assemblies\Microsoft\Framework\v3.0\zh-CHS\PresentationBuildTasks.resources.dll
file name: C:\Windows.old\Program Files\Reference Assemblies\Microsoft\Framework\v3.5\Microsoft.Build.Utilities.v3.5.dll
file name: C:\Windows.old\Program Files\Windows Defender\MsMpLics.dll
file name: C:\Windows.old\Program Files\Windows Photo Viewer\en-US\ImagingDevices.exe.mui
file name: C:\Windows.old\Program Files\Windows Photo Viewer\zh-CN\ImagingDevices.exe.mui
file name: C:\Windows.old\Program Files\WindowsPowerShell\Modules\Microsoft.PowerShell.Operation.Validation\1.0.1\Microsoft.PowerShell.Operation.Validation.Format.ps1xml
file name: C:\Windows.old\Program Files\WindowsPowerShell\Modules\PackageManagement\1.0.0.1\Microsoft.PackageManagement.MetaProvider.PowerShell.dll
file name: C:\Windows.old\Program Files\WindowsPowerShell\Modules\Pester\3.4.0\Functions\It.ps1
file name: C:\Windows.old\Program Files\WindowsPowerShell\Modules\Pester\3.4.0\Snippets\It.snippets.ps1xml
file name: C:\Windows.old\Program Files\WindowsPowerShell\Modules\PSReadline\2.0.0\en\Microsoft.PowerShell.PSReadline.Resources.dll
file name: C:\Windows.old\Program Files\WindowsPowerShell\Modules\PSReadline\2.0.0\zh-HANS\Microsoft.PowerShell.PSReadline.Resources.dll
file name: C:\Windows.old\Program Files (x86)\Common Files\microsoft shared\Ink\penchs.dll
file name: C:\Windows.old\Program Files (x86)\Common Files\system\zh-CN\wab32res.dll.mui
file name: C:\Windows.old\Program Files (x86)\Reference Assemblies\Microsoft\Framework\v3.0\en\System.IdentityModel.Selectors.xml
file name: C:\Windows.old\Program Files (x86)\Reference Assemblies\Microsoft\Framework\v3.0\zh-CHS\PresentationBuildTasks.resources.dll
file name: C:\Windows.old\Program Files (x86)\Reference Assemblies\Microsoft\Framework\v3.0\zh-Hans\System.IdentityModel.Selectors.xml
file name: C:\Windows.old\Program Files (x86)\Reference Assemblies\Microsoft\Framework\v3.5\System.ComponentModel.DataAnnotations.dll
file name: C:\Windows.old\Program Files (x86)\Windows Defender\MsMpLics.dll
file name: C:\Windows.old\Program Files (x86)\Windows Photo Viewer\en-US\ImagingDevices.exe.mui
file name: C:\Windows.old\Program Files (x86)\Windows Photo Viewer\zh-CN\ImagingDevices.exe.mui
file name: C:\Windows.old\Program Files (x86)\WindowsPowerShell\Modules\Microsoft.PowerShell.Operation.Validation\1.0.1\Microsoft.PowerShell.Operation.Validation.Format.ps1xml
file name: C:\Windows.old\Program Files (x86)\WindowsPowerShell\Modules\PackageManagement\1.0.0.1\Microsoft.PackageManagement.MetaProvider.PowerShell.dll
file name: C:\Windows.old\Program Files (x86)\WindowsPowerShell\Modules\Pester\3.4.0\Functions\It.ps1
file name: C:\Windows.old\Program Files (x86)\WindowsPowerShell\Modules\Pester\3.4.0\Snippets\It.snippets.ps1xml
file name: C:\Windows.old\Windows\WindowsShell.Manifest
C:\aaa
C:\inetpub
C:\ItemTemplates
C:\SulpHur
C:\SulpHurClienttest
C:\Users
C:\Windows.old
file name: C:\aaa\cs\cs.txt
file name: C:\aaa\cs\cs.txt
dir name: C:\aaa\cs\cs.txt
file name: C:\aaa\cs\cs.txt
dir name: C:\aaa\cs\cs.txt
file name: C:\inetpub\custerr\en-US\404.htm
file name: C:\ItemTemplates\VisualBasic\Data\DevartEFModel.zip
file name: C:\SulpHur\SulpHurService\Mita.Foundation.dll
file name: C:\SulpHurClienttest\bin\Mita.Foundation.dll
file name: C:\Users\v-xiqian\.nuget\packages\buildreq\2.1.12\init.cmd
file name: C:\Windows.old\inetpub\custerr\en-US\404.htm
file name: C:\aaa\cs\cs.txt
dir name: C:\aaa\cs\cs.txt
file name: C:\ItemTemplates\VisualBasic\Data\DevartEFModel.zip
file name: C:\SulpHur\SulpHurService\Mita.Foundation.dll
file name: C:\SulpHurClienttest\bin\Mita.Foundation.dll
file name: C:\Windows.old\inetpub\custerr\en-US\404.htm
