

COMPARE FILES

C:\aaa
The Total results count of the path C:\aaa is:3

2 Files named 新建文 are the same! ==>
C:\aaa\new File\new1\new2\new3\NEW\new\新建文.txt
C:\aaa\new File\new1\new2\new3\NEW\new\es\新建文.txt

------------------------------------------------------------------------------------------------------------------
4 Files named 000001029 are the same! ==>
C:\aaa\000001029.cab
C:\aaa\new File\000001029.cab
C:\aaa\new File\00000405.cab
C:\aaa\new File\00000409.cab

2 Files named COMANAGEMENTSETTINGS are the same! ==>
C:\aaa\new File\COMANAGEMENTSETTINGS.ZH-CN.RESX
C:\aaa\new File\new1\COMANAGEMENTSETTINGS.ZH-CN.RESX

C:\bin
The Total results count of the path C:\bin is:3

2 Files named AdminUI.AppConfig are the same! ==>
C:\bin\AdminUI.AppConfig.dll
C:\bin\ru\AdminUI.AppConfig.dll

2 Files named AdminUI.AzureServices.resources are the same! ==>
C:\bin\de\AdminUI.AzureServices.resources.dll
C:\bin\ru\AdminUI.AzureServices.resources.dll

2 Files named AdminUI.ActiveDirectory.resources are the same! ==>
C:\bin\hu\AdminUI.ActiveDirectory.resources.dll
C:\bin\ru\AdminUI.ActiveDirectory.resources.dll

C:\SMS_SRSRP
The Total results count of the path C:\SMS_SRSRP is:0



COMPARE FILES

C:\a
The Total results count of the path C:\a is:0

C:\aaa
The Total results count of the path C:\aaa is:3

2 Files named 新建文 are the same! ==>
C:\aaa\new File\new1\new2\new3\NEW\new\新建文.txt
C:\aaa\new File\new1\new2\new3\NEW\new\es\新建文.txt

------------------------------------------------------------------------------------------------------------------
4 Files named 000001029 are the same! ==>
C:\aaa\000001029.cab
C:\aaa\new File\000001029.cab
C:\aaa\new File\00000405.cab
C:\aaa\new File\00000409.cab

2 Files named COMANAGEMENTSETTINGS are the same! ==>
C:\aaa\new File\COMANAGEMENTSETTINGS.ZH-CN.RESX
C:\aaa\new File\new1\COMANAGEMENTSETTINGS.ZH-CN.RESX

C:\bin


COMPARE FILES

C:\a


COMPARE FILES

C:\a


COMPARE FILES

C:\a


COMPARE FILES

C:\a


COMPARE FILES

C:\a


COMPARE FILES

C:\a


COMPARE FILES

C:\a


COMPARE FILES

C:\a


COMPARE FILES

C:\a


COMPARE FILES

C:\a
The Total results count of the path C:\a is:0

C:\aaa
The Total results count of the path C:\aaa is:3

2 Files named 新建文 are the same! ==>
C:\aaa\new File\new1\new2\new3\NEW\new\新建文.txt
C:\aaa\new File\new1\new2\new3\NEW\new\es\新建文.txt

------------------------------------------------------------------------------------------------------------------
4 Files named 000001029 are the same! ==>
C:\aaa\000001029.cab
C:\aaa\new File\000001029.cab
C:\aaa\new File\00000405.cab
C:\aaa\new File\00000409.cab

2 Files named COMANAGEMENTSETTINGS are the same! ==>
C:\aaa\new File\COMANAGEMENTSETTINGS.ZH-CN.RESX
C:\aaa\new File\new1\COMANAGEMENTSETTINGS.ZH-CN.RESX

C:\bin
The Total results count of the path C:\bin is:3

2 Files named AdminUI.AppConfig are the same! ==>
C:\bin\AdminUI.AppConfig.dll
C:\bin\ru\AdminUI.AppConfig.dll

2 Files named AdminUI.AzureServices.resources are the same! ==>
C:\bin\de\AdminUI.AzureServices.resources.dll
C:\bin\ru\AdminUI.AzureServices.resources.dll

2 Files named AdminUI.ActiveDirectory.resources are the same! ==>
C:\bin\hu\AdminUI.ActiveDirectory.resources.dll
C:\bin\ru\AdminUI.ActiveDirectory.resources.dll

C:\SMS_SRSRP
The Total results count of the path C:\SMS_SRSRP is:0



COMPARE FILES

C:\a
The Total results count of the path C:\a is:0

C:\aaa


COMPARE FILES

C:\a
The Total results count of the path C:\a is:0

C:\aaa


COMPARE FILES

2019-08-28 04:11:53 : C:\a


COMPARE FILES

C:\a    2019-08-28 04:48:54


COMPARE FILES

C:\a    2019-08-28 04:50:30


COMPARE FILES

C:\a    2019-08-28 04:53:07
The Total results count of the path C:\a is:0

C:\aaa    2019-08-28 04:53:29
The Total results count of the path C:\aaa is:1

3 Files named 000001029 are the same! ==>
C:\aaa\000001029.cab
C:\aaa\new File\00000405.cab
C:\aaa\new File\00000409.cab



COMPARE FILES



COMPARE FILES

C:\a    2019-08-28 04:55:35
The Total results count of the path C:\a is:0

C:\aaa    2019-08-28 04:55:43


COMPARE FILES

C:\a    2019-08-28 04:56:12


COMPARE FILES

C:\a    2019-08-28 04:56:58


COMPARE FILES

C:\a    2019-08-28 04:57:41


COMPARE FILES

C:\a    2019-08-28 04:59:18


COMPARE FILES

C:\a    2019-08-28 05:01:22


COMPARE FILES

C:\a    2019-08-28 05:04:11


COMPARE FILES

C:\a    2019-08-28 05:05:57


COMPARE FILES

C:\a    2019-08-28 05:06:50


COMPARE FILES

C:\a    2019-08-28 05:07:26
The Total results count of the path C:\a is:0

C:\aaa    2019-08-28 05:07:28
The Total results count of the path C:\aaa is:2

2 Files named 新建文 are the same! ==>
C:\aaa\new File\new1\new2\new3\NEW\new\新建文.txt
C:\aaa\new File\new1\new2\new3\NEW\new\es\新建文.txt

------------------------------------------------------------------------------------------------------------------
3 Files named 000001029 are the same! ==>
C:\aaa\000001029.cab
C:\aaa\new File\00000405.cab
C:\aaa\new File\00000409.cab

C:\bin    2019-08-28 05:07:30
The Total results count of the path C:\bin is:3

2 Files named AdminUI.AppConfig are the same! ==>
C:\bin\AdminUI.AppConfig.dll
C:\bin\ru\AdminUI.AppConfig.dll

2 Files named AdminUI.AzureServices.resources are the same! ==>
C:\bin\de\AdminUI.AzureServices.resources.dll
C:\bin\ru\AdminUI.AzureServices.resources.dll

2 Files named AdminUI.ActiveDirectory.resources are the same! ==>
C:\bin\hu\AdminUI.ActiveDirectory.resources.dll
C:\bin\ru\AdminUI.ActiveDirectory.resources.dll

C:\SMS_SRSRP    2019-08-28 05:07:38
The Total results count of the path C:\SMS_SRSRP is:0



COMPARE FILES

C:\a    2019-08-28 05:08:44
The Total results count of the path C:\a is:0

C:\aaa    2019-08-28 05:08:54
The Total results count of the path C:\aaa is:2

2 Files named 新建文 are the same! ==>
C:\aaa\new File\new1\new2\new3\NEW\new\新建文.txt
C:\aaa\new File\new1\new2\new3\NEW\new\es\新建文.txt

------------------------------------------------------------------------------------------------------------------
3 Files named 000001029 are the same! ==>
C:\aaa\000001029.cab
C:\aaa\new File\00000405.cab
C:\aaa\new File\00000409.cab

C:\bin    2019-08-28 05:09:48


COMPARE FILES



COMPARE FILES



COMPARE FILES

C:\a    2019-08-28 05:34:44


COMPARE FILES

C:\a    2019-08-28 05:36:05


COMPARE FILES



COMPARE FILES

C:\a    2019-08-29 02:11:57
The Total results count of the path C:\a is:1

2 Files named 000001029 are the same! ==>
C:\a\新建文件夹\000001029.cab
C:\a\新建文件夹\000001033.cab

C:\aaa    2019-08-29 02:13:42


COMPARE FILES

C:\a    2019-08-29 02:18:24


COMPARE FILES

C:\a    2019-08-29 03:14:42


COMPARE FILES

C:\a    2019-08-29 03:15:39


COMPARE FILES

C:\a    2019-08-29 03:16:07


COMPARE FILES

C:\a    2019-08-29 03:17:09


COMPARE FILES

C:\a    2019-08-29 03:18:34


COMPARE FILES



COMPARE FILES

C:\a    2019-08-29 04:20:41


COMPARE FILES

C:\a    2019-08-29 04:23:31


COMPARE FILES

C:\a    2019-08-29 04:25:17


COMPARE FILES

C:\a    2019-08-29 04:27:21
The Total results count of the path C:\a is:4

2 Files named AdminUI.ActiveDirectory.resources are the same! ==>
C:\a\AdminUI.ActiveDirectory.resources.dll
C:\a\es\AdminUI.ActiveDirectory.resources.dll

------------------------------------------------------------------------------------------------------------------
3 Files named ALP1028 are the same! ==>
C:\a\A\ALP1028.MSP
C:\a\A\ALP1033.MSP
C:\a\新建文件夹\ALP1033.MSP

2 Files named ALP1033 are the same! ==>
C:\a\A\ALP1033.MST
C:\a\新建文件夹\ALP1028.MST

2 Files named 000001029 are the same! ==>
C:\a\新建文件夹\000001029.cab
C:\a\新建文件夹\000001033.cab

C:\aaa    2019-08-29 04:27:27


COMPARE FILES

C:\a    2019-08-29 04:28:15


COMPARE FILES

C:\a    2019-08-29 04:32:57


COMPARE FILES



COMPARE FILES

C:\a    2019-08-29 04:42:27


COMPARE FILES

C:\a    2019-08-29 04:53:46
The Total results count of the path C:\a is:4

2 Files named AdminUI.ActiveDirectory.resources are the same! ==>
C:\a\AdminUI.ActiveDirectory.resources.dll
C:\a\es\AdminUI.ActiveDirectory.resources.dll

------------------------------------------------------------------------------------------------------------------
3 Files named ALP1028 are the same! ==>
C:\a\A\ALP1028.MSP
C:\a\A\ALP1033.MSP
C:\a\新建文件夹\ALP1033.MSP

2 Files named ALP1033 are the same! ==>
C:\a\A\ALP1033.MST
C:\a\新建文件夹\ALP1028.MST

2 Files named 000001029 are the same! ==>
C:\a\新建文件夹\000001029.cab
C:\a\新建文件夹\000001033.cab

C:\aaa    2019-08-29 04:54:28
The Total results count of the path C:\aaa is:2

2 Files named 新建文 are the same! ==>
C:\aaa\new File\new1\new2\new3\NEW\new\新建文.txt
C:\aaa\new File\new1\new2\new3\NEW\new\es\新建文.txt

------------------------------------------------------------------------------------------------------------------
3 Files named 000001029 are the same! ==>
C:\aaa\000001029.cab
C:\aaa\new File\00000405.cab
C:\aaa\new File\00000409.cab

C:\bin    2019-08-29 04:55:15


COMPARE FILES

C:\a    2019-08-29 04:55:23
The Total results count of the path C:\a is:4

2 Files named AdminUI.ActiveDirectory.resources are the same! ==>
C:\a\AdminUI.ActiveDirectory.resources.dll
C:\a\es\AdminUI.ActiveDirectory.resources.dll

------------------------------------------------------------------------------------------------------------------
3 Files named ALP1028 are the same! ==>
C:\a\A\ALP1028.MSP
C:\a\A\ALP1033.MSP
C:\a\新建文件夹\ALP1033.MSP

2 Files named ALP1033 are the same! ==>
C:\a\A\ALP1033.MST
C:\a\新建文件夹\ALP1028.MST

2 Files named 000001029 are the same! ==>
C:\a\新建文件夹\000001029.cab
C:\a\新建文件夹\000001033.cab

C:\aaa    2019-08-29 05:00:55


COMPARE FILES

C:\a    2019-08-29 05:16:07
The Total results count of the path C:\a is:4

2 Files named AdminUI.ActiveDirectory.resources are the same! ==>
C:\a\AdminUI.ActiveDirectory.resources.dll
C:\a\es\AdminUI.ActiveDirectory.resources.dll

------------------------------------------------------------------------------------------------------------------
3 Files named ALP1028 are the same! ==>
C:\a\A\ALP1028.MSP
C:\a\A\ALP1033.MSP
C:\a\新建文件夹\ALP1033.MSP

2 Files named ALP1033 are the same! ==>
C:\a\A\ALP1033.MST
C:\a\新建文件夹\ALP1028.MST

2 Files named 000001029 are the same! ==>
C:\a\新建文件夹\000001029.cab
C:\a\新建文件夹\000001033.cab

C:\aaa    2019-08-29 05:16:08
The Total results count of the path C:\aaa is:2

2 Files named 新建文 are the same! ==>
C:\aaa\new File\new1\new2\new3\NEW\new\新建文.txt
C:\aaa\new File\new1\new2\new3\NEW\new\es\新建文.txt

------------------------------------------------------------------------------------------------------------------
3 Files named 000001029 are the same! ==>
C:\aaa\000001029.cab
C:\aaa\new File\00000405.cab
C:\aaa\new File\00000409.cab

C:\bin    2019-08-29 05:16:08


COMPARE FILES

C:\a    2019-08-29 05:16:34
The Total results count of the path C:\a is:4

2 Files named AdminUI.ActiveDirectory.resources are the same! ==>
C:\a\AdminUI.ActiveDirectory.resources.dll
C:\a\es\AdminUI.ActiveDirectory.resources.dll

------------------------------------------------------------------------------------------------------------------
3 Files named ALP1028 are the same! ==>
C:\a\A\ALP1028.MSP
C:\a\A\ALP1033.MSP
C:\a\新建文件夹\ALP1033.MSP

2 Files named ALP1033 are the same! ==>
C:\a\A\ALP1033.MST
C:\a\新建文件夹\ALP1028.MST

2 Files named 000001029 are the same! ==>
C:\a\新建文件夹\000001029.cab
C:\a\新建文件夹\000001033.cab

C:\aaa    2019-08-29 05:16:34
The Total results count of the path C:\aaa is:2

2 Files named 新建文 are the same! ==>
C:\aaa\new File\new1\new2\new3\NEW\new\新建文.txt
C:\aaa\new File\new1\new2\new3\NEW\new\es\新建文.txt

------------------------------------------------------------------------------------------------------------------
3 Files named 000001029 are the same! ==>
C:\aaa\000001029.cab
C:\aaa\new File\00000405.cab
C:\aaa\new File\00000409.cab

C:\bin    2019-08-29 05:16:34
